{
  "RSpec": {
    "coverage": {
      "/Users/Dave/Turing/module_4/ideabox2/spec/feature/user_can_create_new_idea_spec.rb": [
        1,
        null,
        1,
        null,
        1,
        1,
        1,
        1,
        1,
        null,
        1,
        1,
        1,
        null,
        null,
        null
      ],
      "/Users/Dave/Turing/module_4/ideabox2/spec/rails_helper.rb": [
        null,
        1,
        1,
        null,
        1,
        1,
        1,
        null,
        null,
        null,
        null,
        null,
        null,
        null,
        null,
        null,
        null,
        null,
        null,
        null,
        null,
        null,
        null,
        null,
        null,
        null,
        1,
        null,
        1,
        null,
        1,
        null,
        null,
        null,
        null,
        1,
        null,
        null,
        null,
        null,
        null,
        null,
        null,
        null,
        null,
        null,
        null,
        null,
        null,
        null,
        1,
        null
      ],
      "/Users/Dave/Turing/module_4/ideabox2/config/environment.rb": [
        null,
        1,
        null,
        null,
        1
      ],
      "/Users/Dave/Turing/module_4/ideabox2/config/application.rb": [
        1,
        null,
        1,
        null,
        1,
        1,
        1,
        1,
        1,
        1,
        1,
        null,
        null,
        null,
        null,
        1,
        null,
        1,
        1,
        null,
        null,
        null,
        null,
        null,
        null,
        null,
        null,
        null,
        null,
        null,
        null,
        null,
        1,
        null,
        null
      ],
      "/Users/Dave/Turing/module_4/ideabox2/config/boot.rb": [
        1,
        null,
        1
      ],
      "/Users/Dave/Turing/module_4/ideabox2/config/environments/test.rb": [
        1,
        null,
        null,
        null,
        null,
        null,
        null,
        1,
        null,
        null,
        null,
        null,
        1,
        null,
        null,
        1,
        1,
        null,
        null,
        1,
        1,
        null,
        null,
        1,
        null,
        null,
        1,
        null,
        null,
        null,
        null,
        1,
        null,
        null,
        1,
        null,
        null,
        1,
        null,
        null,
        null,
        null
      ],
      "/Users/Dave/Turing/module_4/ideabox2/config/initializers/assets.rb": [
        null,
        null,
        null,
        1,
        null,
        null,
        null,
        null,
        null,
        null,
        null
      ],
      "/Users/Dave/Turing/module_4/ideabox2/config/initializers/backtrace_silencers.rb": [
        null,
        null,
        null,
        null,
        null,
        null,
        null
      ],
      "/Users/Dave/Turing/module_4/ideabox2/config/initializers/cookies_serializer.rb": [
        null,
        null,
        1
      ],
      "/Users/Dave/Turing/module_4/ideabox2/config/initializers/filter_parameter_logging.rb": [
        null,
        null,
        null,
        1
      ],
      "/Users/Dave/Turing/module_4/ideabox2/config/initializers/inflections.rb": [
        null,
        null,
        null,
        null,
        null,
        null,
        null,
        null,
        null,
        null,
        null,
        null,
        null,
        null,
        null,
        null
      ],
      "/Users/Dave/Turing/module_4/ideabox2/config/initializers/mime_types.rb": [
        null,
        null,
        null,
        null
      ],
      "/Users/Dave/Turing/module_4/ideabox2/config/initializers/session_store.rb": [
        null,
        null,
        1
      ],
      "/Users/Dave/Turing/module_4/ideabox2/config/initializers/wrap_parameters.rb": [
        null,
        null,
        null,
        null,
        null,
        null,
        1,
        1,
        null,
        null,
        null,
        null,
        null,
        null
      ],
      "/Users/Dave/Turing/module_4/ideabox2/config/routes.rb": [
        1,
        null,
        1,
        null,
        1,
        null,
        1,
        null,
        null,
        null,
        null,
        null,
        null,
        null,
        null,
        null,
        null,
        null,
        null,
        null,
        null,
        null,
        null,
        null,
        null,
        null,
        null,
        null,
        null,
        null,
        null,
        null,
        null,
        null,
        null,
        null,
        null,
        null,
        null,
        null,
        null,
        null,
        null,
        null,
        null,
        null,
        null,
        null,
        null,
        null,
        null,
        null,
        null,
        null,
        null,
        null,
        null,
        null,
        null,
        null,
        null,
        null
      ],
      "/Users/Dave/Turing/module_4/ideabox2/app/helpers/application_helper.rb": [
        1,
        null
      ],
      "/Users/Dave/Turing/module_4/ideabox2/spec/feature/user_can_delete_ideas_spec.rb": [
        1,
        null,
        1,
        1,
        1,
        null,
        null,
        1,
        1,
        1,
        null,
        1,
        null,
        null
      ],
      "/Users/Dave/Turing/module_4/ideabox2/spec/feature/user_can_edit_ideas_spec.rb": [
        1,
        null,
        1,
        1,
        1,
        null,
        null,
        1,
        1,
        1,
        null,
        1,
        1,
        1,
        null,
        1,
        1,
        1,
        null,
        null,
        null,
        null
      ],
      "/Users/Dave/Turing/module_4/ideabox2/spec/feature/user_can_see_all_posts_spec.rb": [
        1,
        null,
        1,
        1,
        1,
        null,
        null,
        1,
        1,
        null,
        1,
        1,
        null,
        null,
        null
      ],
      "/Users/Dave/Turing/module_4/ideabox2/spec/feature/user_can_update_quality_spec.rb": [
        1,
        null,
        1,
        1,
        2,
        null,
        null,
        1,
        1,
        1,
        null,
        1,
        1,
        null,
        null,
        1,
        null,
        1,
        2,
        null,
        null,
        1,
        1,
        null,
        null,
        null,
        1,
        1,
        null,
        1,
        2,
        null,
        null,
        1,
        null,
        1,
        1,
        null,
        null,
        1,
        null,
        1,
        2,
        null,
        null,
        1,
        2,
        null,
        null,
        1,
        1,
        null,
        null,
        null,
        null,
        null
      ],
      "/Users/Dave/Turing/module_4/ideabox2/app/controllers/ideas_controller.rb": [
        1,
        1,
        1,
        null,
        1,
        9,
        9,
        null,
        null,
        1,
        1,
        1,
        null,
        null,
        1,
        null,
        null,
        1,
        1,
        1,
        null,
        null,
        1,
        8,
        8,
        null,
        null,
        1,
        1,
        1,
        null,
        null,
        1,
        null,
        1,
        11,
        null,
        null,
        1,
        2,
        null,
        null
      ],
      "/Users/Dave/Turing/module_4/ideabox2/app/controllers/application_controller.rb": [
        1,
        null,
        null,
        1,
        null
      ],
      "/Users/Dave/Turing/module_4/ideabox2/app/models/idea.rb": [
        1,
        1,
        null
      ]
    },
    "timestamp": 1444873194
  }
}
